<?xml version="1.0" encoding="UTF-8"?>
<!-- Generated by org.testng.reporters.JUnitReportReporter -->
<testsuite hostname="DESKTOP-A4SO0QQ" failures="0" tests="1" name="TestNG.TestNG1" time="0.019" errors="0" timestamp="2021-05-04T21:24:04 PDT" skipped="0">
  <testcase classname="TestNG.TestNG1" name="testcase1" time="0.019"/>
  <system-out/>
</testsuite> <!-- TestNG.TestNG1 -->
