<?xml version="1.0" encoding="UTF-8"?>
<!-- Generated by org.testng.reporters.JUnitReportReporter -->
<testsuite hostname="DESKTOP-A4SO0QQ" failures="0" tests="3" name="testngDemo2.Testcase1" time="0.010" errors="0" timestamp="2021-04-26T14:57:26 PDT" skipped="1">
  <testcase classname="testngDemo2.Testcase1" name="methodB" time="0.009"/>
  <system-out/>
  <testcase classname="testngDemo2.Testcase1" name="methodC" time="0.001"/>
  <system-out/>
  <testcase classname="testngDemo2.Testcase1" name="methodA">
    <skipped/>
  </testcase> <!-- methodA -->
  <system-out/>
</testsuite> <!-- testngDemo2.Testcase1 -->
