<?xml version="1.0" encoding="UTF-8"?>
<!-- Generated by org.testng.reporters.JUnitReportReporter -->
<testsuite hostname="DESKTOP-A4SO0QQ" failures="0" tests="1" name="testngDemo2.Testcase3" time="0.001" errors="0" timestamp="2021-04-26T14:57:26 PDT" skipped="0">
  <testcase classname="testngDemo2.Testcase3" name="methodF" time="0.001"/>
  <system-out/>
</testsuite> <!-- testngDemo2.Testcase3 -->
