<?xml version="1.0" encoding="UTF-8"?>
<!-- Generated by org.testng.reporters.JUnitReportReporter -->
<testsuite hostname="DESKTOP-A4SO0QQ" failures="0" tests="3" name="testngDemo2.Testcase2" time="0.002" errors="0" timestamp="2021-04-26T14:57:26 PDT" skipped="1">
  <testcase classname="testngDemo2.Testcase2" name="methodC" time="0.001"/>
  <system-out/>
  <testcase classname="testngDemo2.Testcase2" name="methodE" time="0.001"/>
  <system-out/>
  <testcase classname="testngDemo2.Testcase2" name="methodD">
    <skipped/>
  </testcase> <!-- methodD -->
  <system-out/>
</testsuite> <!-- testngDemo2.Testcase2 -->
