<?xml version="1.0" encoding="UTF-8"?>
<!-- Generated by org.testng.reporters.JUnitReportReporter -->
<testsuite hostname="DESKTOP-A4SO0QQ" failures="0" tests="2" name="TestNG.NewTest" time="0.008" errors="0" timestamp="2021-04-22T13:28:52 PDT" skipped="0">
  <testcase classname="TestNG.NewTest" name="f" time="0.003"/>
  <system-out/>
  <testcase classname="TestNG.NewTest" name="f" time="0.005"/>
  <system-out/>
</testsuite> <!-- TestNG.NewTest -->
